<?xml version="1.0" encoding="UTF-8"?>
<!-- Generated by org.testng.reporters.JUnitReportReporter -->
<testsuite hostname="LAPTOP-GAPOHHEE" failures="0" tests="1" name="test.Test1" time="17.841" errors="0" timestamp="2022-01-27T10:05:26 CST" skipped="0">
  <testcase classname="test.Test1" name="verifiedUserShouldBeAbleToAddCategory" time="17.841"/>
  <system-out/>
</testsuite> <!-- test.Test1 -->
