<?xml version="1.0" encoding="UTF-8"?>
<!-- Generated by org.testng.reporters.JUnitReportReporter -->
<testsuite hostname="LAPTOP-GAPOHHEE" failures="0" tests="1" name="test.Test2" time="21.126" errors="0" timestamp="2022-01-26T22:01:23 CST" skipped="0">
  <testcase classname="test.Test2" name="UserShouldBeAbleToCheckDuplicateCategory" time="21.126"/>
  <system-out/>
</testsuite> <!-- test.Test2 -->
