<?xml version="1.0" encoding="UTF-8"?>
<!-- Generated by org.testng.reporters.JUnitReportReporter -->
<testsuite hostname="LAPTOP-GAPOHHEE" failures="0" tests="1" name="test.Test3" time="41.463" errors="0" timestamp="2022-01-26T22:08:38 CST" skipped="0">
  <testcase classname="test.Test3" name="UserShouldBeAbleToVlidateMonthDropDown" time="41.463"/>
  <system-out/>
</testsuite> <!-- test.Test3 -->
