<?xml version="1.0" encoding="UTF-8"?>
<!-- Generated by org.testng.reporters.JUnitReportReporter -->
<testsuite hostname="LAPTOP-GAPOHHEE" failures="0" tests="3" name="test.All_Tests" time="82.348" errors="0" timestamp="2022-01-27T19:33:07 CST" skipped="0">
  <testcase classname="test.All_Tests" name="verifiedUserShouldBeAbleToAddCategory" time="19.235"/>
  <system-out/>
  <testcase classname="test.All_Tests" name="UserShouldBeAbleToCheckDuplicateCategory" time="21.564"/>
  <system-out/>
  <testcase classname="test.All_Tests" name="UserShouldBeAbleToVlidateMonthDropDown" time="41.549"/>
  <system-out/>
</testsuite> <!-- test.All_Tests -->
